<?xml version="1.0" encoding="UTF-8"?>
<!-- Generated by org.testng.reporters.JUnitXMLReporter -->
<testsuite ignored="0" hostname="DESKTOP-GF523DC" failures="0" tests="2" name="Test" time="74.927" errors="0" timestamp="2021-10-11T10:47:25 IST">
  <testcase classname="com.vivino.app.EndToEndTests_SearchFunc" name="SearchCriteria_Vivino" time="5.845"/>
  <testcase classname="com.vivino.app.EndToEndTests_SearchFunc" name="validateClickOnOneSelection" time="47.808"/>
</testsuite> <!-- Test -->
