<?xml version="1.0" encoding="UTF-8"?>
<testng-results ignored="0" total="2" passed="2" failed="0" skipped="0">
  <reporter-output>
  </reporter-output>
  <suite started-at="2021-10-11T10:46:10 IST" name="Suite" finished-at="2021-10-11T10:47:25 IST" duration-ms="74927">
    <groups>
    </groups>
    <test started-at="2021-10-11T10:46:10 IST" name="Test" finished-at="2021-10-11T10:47:25 IST" duration-ms="74927">
      <class name="com.vivino.app.EndToEndTests_SearchFunc">
        <test-method is-config="true" signature="setupMethod()[pri:0, instance:com.vivino.app.EndToEndTests_SearchFunc@434a63ab]" started-at="2021-10-11T10:46:10 IST" name="setupMethod" finished-at="2021-10-11T10:46:21 IST" duration-ms="10646" status="PASS">
          <reporter-output>
          </reporter-output>
        </test-method> <!-- setupMethod -->
        <test-method signature="SearchCriteria_Vivino()[pri:0, instance:com.vivino.app.EndToEndTests_SearchFunc@434a63ab]" started-at="2021-10-11T10:46:21 IST" name="SearchCriteria_Vivino" finished-at="2021-10-11T10:46:27 IST" duration-ms="5845" status="PASS">
          <reporter-output>
          </reporter-output>
        </test-method> <!-- SearchCriteria_Vivino -->
        <test-method is-config="true" signature="cleanUp()[pri:0, instance:com.vivino.app.EndToEndTests_SearchFunc@434a63ab]" started-at="2021-10-11T10:46:27 IST" name="cleanUp" finished-at="2021-10-11T10:46:28 IST" duration-ms="864" status="PASS">
          <reporter-output>
          </reporter-output>
        </test-method> <!-- cleanUp -->
        <test-method is-config="true" signature="setupMethod()[pri:0, instance:com.vivino.app.EndToEndTests_SearchFunc@434a63ab]" started-at="2021-10-11T10:46:28 IST" name="setupMethod" finished-at="2021-10-11T10:46:36 IST" duration-ms="8436" status="PASS">
          <reporter-output>
          </reporter-output>
        </test-method> <!-- setupMethod -->
        <test-method signature="validateClickOnOneSelection()[pri:0, instance:com.vivino.app.EndToEndTests_SearchFunc@434a63ab]" started-at="2021-10-11T10:46:36 IST" name="validateClickOnOneSelection" finished-at="2021-10-11T10:47:24 IST" duration-ms="47808" status="PASS">
          <reporter-output>
          </reporter-output>
        </test-method> <!-- validateClickOnOneSelection -->
        <test-method is-config="true" signature="cleanUp()[pri:0, instance:com.vivino.app.EndToEndTests_SearchFunc@434a63ab]" started-at="2021-10-11T10:47:24 IST" name="cleanUp" finished-at="2021-10-11T10:47:25 IST" duration-ms="852" status="PASS">
          <reporter-output>
          </reporter-output>
        </test-method> <!-- cleanUp -->
      </class> <!-- com.vivino.app.EndToEndTests_SearchFunc -->
    </test> <!-- Test -->
  </suite> <!-- Suite -->
</testng-results>
